warning ../../../../../package.json: No license field
 ⚠ Compiled with warnings

./node_modules/swagger-jsdoc/src/utils.js
Critical dependency: the request of a dependency is an expression

Import trace for requested module:
./node_modules/swagger-jsdoc/src/utils.js
./node_modules/swagger-jsdoc/src/specification.js
./node_modules/swagger-jsdoc/src/lib.js
./node_modules/swagger-jsdoc/index.js
./node_modules/next-swagger-doc/dist/index.js
./lib/swagger-config.ts
./app/api/docs/route.ts

<w> [webpack.cache.PackFileCacheStrategy] Serializing big strings (129kiB) impacts deserialization performance (consider using Buffer instead and decode when needed)
[WARN] ⚠️  REDIS_URL not configured - using in-memory cache fallback undefined
[WARN] ⚠️  Redis not available - using in-memory cache fallback undefined
[WARN] ⚠️  REDIS_URL not configured - using in-memory cache fallback undefined
[WARN] ⚠️  Redis not available - using in-memory cache fallback undefined
[WARN] ⚠️  REDIS_URL not configured - using in-memory cache fallback undefined
[WARN] ⚠️  Redis not available - using in-memory cache fallback undefined
[WARN] ⚠️  REDIS_URL not configured - using in-memory cache fallback undefined
[WARN] ⚠️  Redis not available - using in-memory cache fallback undefined
[WARN] ⚠️  REDIS_URL not configured - using in-memory cache fallback undefined
[WARN] ⚠️  Redis not available - using in-memory cache fallback undefined
[WARN] ⚠️ Certificado QWAC no encontrado en: /path/to/qwac_certificate.pem undefined
[WARN] ⚠️ Certificado QWAC no encontrado en: /path/to/qwac_certificate.pem undefined
[WARN] ⚠️ Certificado QWAC no encontrado en: /path/to/qwac_certificate.pem undefined
[WARN] ⚠️ Certificado QWAC no encontrado en: /path/to/qwac_certificate.pem undefined
[WARN] ⚠️  REDIS_URL not configured - using in-memory cache fallback undefined
[WARN] ⚠️  Redis not available - using in-memory cache fallback undefined
[WARN] ⚠️  REDIS_URL not configured - using in-memory cache fallback undefined
 ⚠ Failed to copy traced files for /opt/hostedapp/node/root/app/.build/server/app/api/docs/route.js Error: ENOENT: no such file or directory, copyfile '/opt/hostedapp/node/root/app/.build/export/404.html' -> '/opt/hostedapp/node/root/app/.build/standalone/app/.build/export/404.html'
    at async Object.copyFile (node:internal/fs/promises:620:10)
    at async /opt/hostedapp/node/root/app/node_modules/next/dist/build/utils.js:1409:21
    at async Promise.all (index 8244)
    at async handleTraceFiles (/opt/hostedapp/node/root/app/node_modules/next/dist/build/utils.js:1390:9)
    at async copyTracedFiles (/opt/hostedapp/node/root/app/node_modules/next/dist/build/utils.js:1464:13)
    at async /opt/hostedapp/node/root/app/node_modules/next/dist/build/index.js:224:9
    at async Span.traceAsyncFn (/opt/hostedapp/node/root/app/node_modules/next/dist/trace/trace.js:154:20)
    at async writeStandaloneDirectory (/opt/hostedapp/node/root/app/node_modules/next/dist/build/index.js:223:5)
    at async /opt/hostedapp/node/root/app/node_modules/next/dist/build/index.js:2143:17
    at async Span.traceAsyncFn (/opt/hostedapp/node/root/app/node_modules/next/dist/trace/trace.js:154:20) {
  errno: -2,
  code: 'ENOENT',
  syscall: 'copyfile',
  path: '/opt/hostedapp/node/root/app/.build/export/404.html',
  dest: '/opt/hostedapp/node/root/app/.build/standalone/app/.build/export/404.html'
}
