yarn run v1.22.22
$ next dev
  ▲ Next.js 14.2.28
  - Local:        http://localhost:3000
  - Environments: .env
  - Experiments (use with caution):
    · outputFileTracingRoot

 ✓ Starting...
Attention: Next.js now collects completely anonymous telemetry regarding usage.
This information is used to shape Next.js' roadmap and prioritize features.
You can learn more, including how to opt-out if you'd not like to participate in this anonymous program, by visiting the following URL:
https://nextjs.org/telemetry

 ✓ Ready in 1726ms
 ○ Compiling / ...
 ✓ Compiled / in 5s (1100 modules)
 GET / 200 in 5883ms
 GET / 200 in 234ms
 GET / 200 in 401ms
 GET / 200 in 384ms
 GET / 200 in 392ms
 GET / 200 in 365ms
   Reload env: .env
 ✓ Compiled in 1611ms (524 modules)
   Reload env: .env
 ✓ Compiled in 387ms (512 modules)
[?25h
