warning ../package.json: No license field
warning ../../../../../package.json: No license field
 ⚠ Compiled with warnings

../../../../../opt/hostedapp/node/root/app/node_modules/swagger-jsdoc/src/utils.js
Critical dependency: the request of a dependency is an expression

Import trace for requested module:
../../../../../opt/hostedapp/node/root/app/node_modules/swagger-jsdoc/src/utils.js
../../../../../opt/hostedapp/node/root/app/node_modules/swagger-jsdoc/src/specification.js
../../../../../opt/hostedapp/node/root/app/node_modules/swagger-jsdoc/src/lib.js
../../../../../opt/hostedapp/node/root/app/node_modules/swagger-jsdoc/index.js
../../../../../opt/hostedapp/node/root/app/node_modules/next-swagger-doc/dist/index.js
./lib/swagger-config.ts
./app/api/docs/route.ts

<w> [webpack.cache.PackFileCacheStrategy] Serializing big strings (129kiB) impacts deserialization performance (consider using Buffer instead and decode when needed)
[WARN] ⚠️  REDIS_URL not configured - using in-memory cache fallback undefined
[WARN] ⚠️  Redis not available - using in-memory cache fallback undefined
[WARN] ⚠️  REDIS_URL not configured - using in-memory cache fallback undefined
[WARN] ⚠️  Redis not available - using in-memory cache fallback undefined
[WARN] ⚠️  REDIS_URL not configured - using in-memory cache fallback undefined
[WARN] ⚠️  Redis not available - using in-memory cache fallback undefined
[WARN] ⚠️  REDIS_URL not configured - using in-memory cache fallback undefined
[WARN] ⚠️  Redis not available - using in-memory cache fallback undefined
[WARN] ⚠️  REDIS_URL not configured - using in-memory cache fallback undefined
[WARN] ⚠️  Redis not available - using in-memory cache fallback undefined
[WARN] ⚠️ Certificado QWAC no encontrado en: /path/to/qwac_certificate.pem undefined
[WARN] ⚠️ Certificado QWAC no encontrado en: /path/to/qwac_certificate.pem undefined
[WARN] ⚠️ Certificado QWAC no encontrado en: /path/to/qwac_certificate.pem undefined
[WARN] ⚠️ Certificado QWAC no encontrado en: /path/to/qwac_certificate.pem undefined
[WARN] ⚠️ Certificado QWAC no encontrado en: /path/to/qwac_certificate.pem undefined
[WARN] ⚠️ Certificado QWAC no encontrado en: /path/to/qwac_certificate.pem undefined
[WARN] ⚠️  REDIS_URL not configured - using in-memory cache fallback undefined
[WARN] ⚠️  REDIS_URL not configured - using in-memory cache fallback undefined
[WARN] ⚠️  Redis not available - using in-memory cache fallback undefined
