warning ../package.json: No license field
warning ../../../../../package.json: No license field
 тип ./lib/db.ts
Error: 
  [31mx[0m You're importing a component that needs server-only. That only works in a Server Component which is not supported in the pages/ directory. Read more: https://nextjs.org/docs/getting-started/
  [31m|[0m react-essentials#server-components
  [31m|[0m 
  [31m|[0m 
    ,-[[36;1;4m/home/ubuntu/homming_vidaro/nextjs_space/nextjs_space/lib/db.ts[0m:12:1]
 [2m12[0m |  * 3. Configurar DIRECT_URL para migraciones (sin PgBouncer)
 [2m13[0m |  */
 [2m14[0m | 
 [2m15[0m | import 'server-only'
    : [31;1m^^^^^^^^^^^^^^^^^^^^[0m
 [2m16[0m | import { PrismaClient } from '@prisma/client'
 [2m17[0m | import logger from './logger'
    `----

Import trace for requested module:
./lib/db.ts
./lib/branding-service.ts
./components/BrandingProvider.tsx
./components/providers.tsx
 тип ./lib/branding-service.ts
Error: 
  [31mx[0m You're importing a component that needs server-only. That only works in a Server Component which is not supported in the pages/ directory. Read more: https://nextjs.org/docs/getting-started/
  [31m|[0m react-essentials#server-components
  [31m|[0m 
  [31m|[0m 
   ,-[[36;1;4m/home/ubuntu/homming_vidaro/nextjs_space/nextjs_space/lib/branding-service.ts[0m:1:1]
 [2m1[0m | import 'server-only';
   : [31;1m^^^^^^^^^^^^^^^^^^^^^[0m
 [2m2[0m | import { prisma } from './db';
 [2m3[0m | import { BrandingConfig } from '@prisma/client';
 [2m4[0m | import logger from '@/lib/logger';
   `----

Import trace for requested module:
./lib/branding-service.ts
./components/BrandingProvider.tsx
./components/providers.tsx
 тип ./lib/branding-service.ts
Error: 
  [31mx[0m You're importing a component that needs server-only. That only works in a Server Component which is not supported in the pages/ directory. Read more: https://nextjs.org/docs/getting-started/
  [31m|[0m react-essentials#server-components
  [31m|[0m 
  [31m|[0m 
   ,-[[36;1;4m/home/ubuntu/homming_vidaro/nextjs_space/nextjs_space/lib/branding-service.ts[0m:1:1]
 [2m1[0m | import 'server-only';
   : [31;1m^^^^^^^^^^^^^^^^^^^^^[0m
 [2m2[0m | import { prisma } from './db';
 [2m3[0m | import { BrandingConfig } from '@prisma/client';
 [2m4[0m | import logger from '@/lib/logger';
   `----

Import trace for requested module:
./lib/branding-service.ts
./components/BrandingProvider.tsx
./components/providers.tsx
 тип ./lib/branding-service.ts
Error: 
  [31mx[0m You're importing a component that needs server-only. That only works in a Server Component which is not supported in the pages/ directory. Read more: https://nextjs.org/docs/getting-started/
  [31m|[0m react-essentials#server-components
  [31m|[0m 
  [31m|[0m 
   ,-[[36;1;4m/home/ubuntu/homming_vidaro/nextjs_space/nextjs_space/lib/branding-service.ts[0m:1:1]
 [2m1[0m | import 'server-only';
   : [31;1m^^^^^^^^^^^^^^^^^^^^^[0m
 [2m2[0m | import { prisma } from './db';
 [2m3[0m | import { BrandingConfig } from '@prisma/client';
 [2m4[0m | import logger from '@/lib/logger';
   `----

Import trace for requested module:
./lib/branding-service.ts
./components/BrandingProvider.tsx
./components/providers.tsx
