  ▲ Next.js 14.2.28
  - Environments: .env
  - Experiments (use with caution):
    · outputFileTracingRoot

   Creating an optimized production build ...
 ✓ Compiled successfully
   Skipping linting
   Checking validity of types ...


===== TS errors =====

[Test Mode] ./lib/proactive-detection-service.ts:441:9
Type error: Type '{ userId: string; tipo: "alerta_sistema"; titulo: string; mensaje: string; leida: false; }' is not assignable to type '(Without<NotificationCreateInput, NotificationUncheckedCreateInput> & NotificationUncheckedCreateInput) | (Without<...> & NotificationCreateInput)'.
  Type '{ userId: string; tipo: "alerta_sistema"; titulo: string; mensaje: string; leida: false; }' is not assignable to type 'Without<NotificationCreateInput, NotificationUncheckedCreateInput> & NotificationUncheckedCreateInput'.
    Property 'companyId' is missing in type '{ userId: string; tipo: "alerta_sistema"; titulo: string; mensaje: string; leida: false; }' but required in type 'NotificationUncheckedCreateInput'.

[0m [90m 439 |[39m     [36mfor[39m ([36mconst[39m issue [36mof[39m criticalIssues) {[0m
[0m [90m 440 |[39m       [36mawait[39m prisma[33m.[39mnotification[33m.[39mcreate({[0m
[0m[31m[1m>[22m[39m[90m 441 |[39m         data[33m:[39m {[0m
[0m [90m     |[39m         [31m[1m^[22m[39m[0m
[0m [90m 442 |[39m           userId[33m:[39m user[33m.[39mid[33m,[39m[0m
[0m [90m 443 |[39m           tipo[33m:[39m [32m'alerta_sistema'[39m[33m,[39m[0m
[0m [90m 444 |[39m           titulo[33m:[39m issue[33m.[39mtitle[33m,[39m[0m

===== TS errors =====


Failed to compile.

./lib/proactive-detection-service.ts:441:9
Type error: Type '{ userId: string; tipo: "alerta_sistema"; titulo: string; mensaje: string; leida: false; }' is not assignable to type '(Without<NotificationCreateInput, NotificationUncheckedCreateInput> & NotificationUncheckedCreateInput) | (Without<...> & NotificationCreateInput)'.
  Type '{ userId: string; tipo: "alerta_sistema"; titulo: string; mensaje: string; leida: false; }' is not assignable to type 'Without<NotificationCreateInput, NotificationUncheckedCreateInput> & NotificationUncheckedCreateInput'.
    Property 'companyId' is missing in type '{ userId: string; tipo: "alerta_sistema"; titulo: string; mensaje: string; leida: false; }' but required in type 'NotificationUncheckedCreateInput'.

[0m [90m 439 |[39m     [36mfor[39m ([36mconst[39m issue [36mof[39m criticalIssues) {[0m
[0m [90m 440 |[39m       [36mawait[39m prisma[33m.[39mnotification[33m.[39mcreate({[0m
[0m[31m[1m>[22m[39m[90m 441 |[39m         data[33m:[39m {[0m
[0m [90m     |[39m         [31m[1m^[22m[39m[0m
[0m [90m 442 |[39m           userId[33m:[39m user[33m.[39mid[33m,[39m[0m
[0m [90m 443 |[39m           tipo[33m:[39m [32m'alerta_sistema'[39m[33m,[39m[0m
[0m [90m 444 |[39m           titulo[33m:[39m issue[33m.[39mtitle[33m,[39m[0m
Next.js build worker exited with code: 1 and signal: null
